<?xml version="1.0" encoding="UTF-8"?>
<testsuite name="cz.upol.jj.seminar08.TestMain" tests="1" skipped="0" failures="0" errors="0" timestamp="2021-11-13T16:58:33" hostname="DESKTOP-JQ96BIS" time="0.018">
  <properties/>
  <testcase name="testStore()" classname="cz.upol.jj.seminar08.TestMain" time="0.018"/>
  <system-out><![CDATA[]]></system-out>
  <system-err><![CDATA[]]></system-err>
</testsuite>
